  Vectorization_OpenCV.cpp
D:\C_Projects\Vectorization_OpenCV\Vectorization_OpenCV\src\Vectorization_OpenCV.cpp(80,12): warning C4477: 'printf' : format string '%d' requires an argument of type 'int', but variadic argument 1 has type 'unsigned __int64'
D:\C_Projects\Vectorization_OpenCV\Vectorization_OpenCV\src\Vectorization_OpenCV.cpp(80,12): message : consider using '%zd' in the format string
D:\Microsoft Visual Studio 2019\VC\Tools\MSVC\14.25.28610\include\utility(151,1): warning C4244: 'initializing': conversion from '_Ty' to '_Ty2', possible loss of data
          with
          [
              _Ty=double
          ]
          and
          [
              _Ty2=float
          ]
D:\C_Projects\Vectorization_OpenCV\Vectorization_OpenCV\src\Vectorization_OpenCV.cpp(50): message : see reference to function template instantiation 'std::pair<float,float>::pair<float,double,0>(_Other1 &&,_Other2 &&) noexcept' being compiled
          with
          [
              _Other1=float,
              _Other2=double
          ]
D:\C_Projects\Vectorization_OpenCV\Vectorization_OpenCV\src\Vectorization_OpenCV.cpp(42): message : see reference to function template instantiation 'std::pair<float,float>::pair<float,double,0>(_Other1 &&,_Other2 &&) noexcept' being compiled
          with
          [
              _Other1=float,
              _Other2=double
          ]
  Vectorization_OpenCV.vcxproj -> D:\C_Projects\Vectorization_OpenCV\Vectorization_OpenCV\x64\Debug\Vectorization_OpenCV.exe
